Compiling cust/iot_aes_pub.c ...
In file included from src/include/api/iot_api.h:14,
                 from cust/iot_aes_pub.c:4:
src/include/driver/bmd.h:205:7: warning: backslash and newline separated by space
src/include/driver/bmd.h:210:7: warning: backslash and newline separated by space
cust/iot_aes_pub.c: In function 'AES_Sample':
cust/iot_aes_pub.c:130: warning: implicit declaration of function 'dump'
cust/iot_aes_pub.c:77: warning: unused variable 'PlainLen'
Compiling cust/iot_at_cmd.c ...
In file included from src/include/api/iot_api.h:14,
                 from cust/iot_at_cmd.c:6:
src/include/driver/bmd.h:205:7: warning: backslash and newline separated by space
src/include/driver/bmd.h:210:7: warning: backslash and newline separated by space
cust/iot_at_cmd.c: In function 'IoT_exec_AT_cmd_Flash_Set':
cust/iot_at_cmd.c:589: warning: implicit declaration of function 'spi_flash_read'
cust/iot_at_cmd.c:604: warning: implicit declaration of function 'spi_flash_write'
cust/iot_at_cmd.c: In function 'IoT_exec_AT_cmd_Conf_SoftAP':
cust/iot_at_cmd.c:834: warning: passing argument 3 of 'split_string_cmd' from incompatible pointer type
src/include/api/iot_api.h:979: note: expected 'INT16 *' but argument is of type 'int *'
cust/iot_at_cmd.c:840: warning: conversion to 'INT16' from 'int' may alter its value
cust/iot_at_cmd.c:872: warning: conversion to 'UINT8' from 'INT32' may alter its value
cust/iot_at_cmd.c:876: warning: implicit declaration of function 'store_ap_cfg'
cust/iot_at_cmd.c:879: warning: implicit declaration of function 'reset_ap_cfg'
cust/iot_at_cmd.c:885: warning: conversion to 'INT16' from 'int' may alter its value
cust/iot_at_cmd.c:825: warning: unused variable 'endptr'
cust/iot_at_cmd.c: In function 'IoT_parse_ATcommand':
cust/iot_at_cmd.c:1048: warning: implicit declaration of function 'reset_cfg'
cust/iot_at_cmd.c: In function 'IoT_parse_IWCmd':
cust/iot_at_cmd.c:1243: warning: unused parameter 'cmd_buf'
cust/iot_at_cmd.c:1243: warning: unused parameter 'at_cmd_len'
Compiling cust/iot_at_cmd_tcpip.c ...
In file included from src/include/api/iot_api.h:14,
                 from cust/iot_at_cmd_tcpip.c:5:
src/include/driver/bmd.h:205:7: warning: backslash and newline separated by space
src/include/driver/bmd.h:210:7: warning: backslash and newline separated by space
Compiling cust/iot_at_cmd_utility.c ...
cust/iot_at_cmd_utility.c: In function 'strchr':
cust/iot_at_cmd_utility.c:44: warning: cast discards qualifiers from pointer target type
cust/iot_at_cmd_utility.c: In function 'getopt':
cust/iot_at_cmd_utility.c:137: warning: conversion to 'char' from 'int' may alter its value
cust/iot_at_cmd_utility.c:158: warning: conversion to 'char' from 'int' may alter its value
Compiling cust/iot_custom.c ...
In file included from src/include/api/iot_api.h:14,
                 from cust/iot_custom.c:4:
src/include/driver/bmd.h:205:7: warning: backslash and newline separated by space
src/include/driver/bmd.h:210:7: warning: backslash and newline separated by space
cust/iot_custom.c: In function 'CustTimer0TimeoutAction':
cust/iot_custom.c:247: warning: unused parameter 'param'
cust/iot_custom.c:247: warning: unused parameter 'param2'
cust/iot_custom.c: In function 'load_usr_cfg':
cust/iot_custom.c:310: warning: implicit declaration of function 'spi_flash_read'
cust/iot_custom.c: In function 'reset_usr_cfg':
cust/iot_custom.c:380: warning: implicit declaration of function 'spi_flash_write'
cust/iot_custom.c: In function 'reset_sta_cfg':
cust/iot_custom.c:618: warning: implicit declaration of function 'spi_flash_erase_SE'
cust/iot_custom.c: In function 'default_uart_cfg':
cust/iot_custom.c:410: warning: control reaches end of non-void function
cust/iot_custom.c: In function 'default_boot_cfg':
cust/iot_custom.c:400: warning: control reaches end of non-void function
Compiling cust/iot_custom_uart2wifi.c ...
In file included from src/include/api/iot_api.h:14,
                 from cust/iot_custom_uart2wifi.c:6:
src/include/driver/bmd.h:205:7: warning: backslash and newline separated by space
src/include/driver/bmd.h:210:7: warning: backslash and newline separated by space
Compiling cust/iot_parse.c ...
In file included from src/include/api/iot_api.h:14,
                 from cust/iot_parse.c:4:
src/include/driver/bmd.h:205:7: warning: backslash and newline separated by space
src/include/driver/bmd.h:210:7: warning: backslash and newline separated by space
cust/iot_parse.c: In function 'IoT_process_app_function_packet':
cust/iot_parse.c:193: warning: pointer targets in passing argument 1 of 'IoT_uart_output' differ in signedness
src/include/api/iot_api.h:784: note: expected 'UCHAR *' but argument is of type 'CHAR *'
cust/iot_parse.c: In function 'IoT_process_app_management_packet':
cust/iot_parse.c:409: warning: implicit declaration of function 'spi_flash_write'
Compiling cust/iot_parse_conn_mgmt.c ...
In file included from src/include/api/iot_api.h:14,
                 from cust/iot_parse_conn_mgmt.c:4:
src/include/driver/bmd.h:205:7: warning: backslash and newline separated by space
src/include/driver/bmd.h:210:7: warning: backslash and newline separated by space
Compiling cust/iot_uart_rb.c ...
In file included from src/include/api/iot_api.h:14,
                 from cust/iot_uart_rb.c:5:
src/include/driver/bmd.h:205:7: warning: backslash and newline separated by space
src/include/driver/bmd.h:210:7: warning: backslash and newline separated by space
cust/iot_uart_rb.c: In function 'UART_PutBytes':
cust/iot_uart_rb.c:74: warning: initialization discards qualifiers from pointer target type
cust/iot_uart_rb.c:86: warning: conversion to 'kal_uint16' from 'int' may alter its value
cust/iot_uart_rb.c:86: warning: conversion to 'kal_uint16' from 'int' may alter its value
cust/iot_uart_rb.c:97: warning: conversion to 'kal_uint16' from 'int' may alter its value
cust/iot_uart_rb.c: In function 'UART_Rx_Cb':
cust/iot_uart_rb.c:209: warning: conversion to 'kal_uint16' from 'int' may alter its value
cust/iot_uart_rb.c:209: warning: conversion to 'kal_uint16' from 'int' may alter its value
cust/iot_uart_rb.c:311: warning: conversion to 'kal_uint16' from 'int' may alter its value
cust/iot_uart_rb.c:311: warning: conversion to 'kal_uint16' from 'int' may alter its value
cust/iot_uart_rb.c:311: warning: conversion to 'kal_uint16' from 'int' may alter its value
cust/iot_uart_rb.c:313: warning: conversion to 'kal_uint16' from 'int' may alter its value
cust/iot_uart_rb.c:181: warning: unused variable 'i'
cust/iot_uart_rb.c: In function 'UART_Rx_Packet_Dispatch':
cust/iot_uart_rb.c:368: warning: conversion to 'kal_uint16' from 'int' may alter its value
cust/iot_uart_rb.c:387: warning: pointer targets in passing argument 1 of 'IoT_parse_ATcommand' differ in signedness
src/include/api/iot_api.h:1176: note: expected 'PCHAR' but argument is of type 'UCHAR *'
cust/iot_uart_rb.c:387: warning: conversion to 'INT16' from 'UINT16' may change the sign of the result
cust/iot_uart_rb.c:390: warning: implicit declaration of function 'IoT_parse_IWCmd'
cust/iot_uart_rb.c: In function 'uart_rb_pop':
cust/iot_uart_rb.c:440: warning: conversion to 'kal_uint16' from 'int' may alter its value
cust/iot_uart_rb.c: In function 'uart_get_avail':
cust/iot_uart_rb.c:461: warning: conversion to 'UINT16' from 'int' may alter its value
cust/iot_uart_rb.c:461: warning: conversion to 'UINT16' from 'int' may alter its value
Compiling cust/iot_uplink.c ...
In file included from src/include/api/iot_api.h:14,
                 from cust/iot_uplink.c:4:
src/include/driver/bmd.h:205:7: warning: backslash and newline separated by space
src/include/driver/bmd.h:210:7: warning: backslash and newline separated by space
cust/iot_uplink.c: In function 'IoT_build_app_response_header':
cust/iot_uplink.c:56: warning: conversion to 'unsigned char:4' from 'UINT_8' may alter its value
cust/iot_uplink.c: In function 'IoT_check_sum':
cust/iot_uplink.c:67: warning: cast increases required alignment of target type
cust/iot_uplink.c:83: warning: conversion to 'short unsigned int' from 'long unsigned int' may alter its value
cust/iot_uplink.c: In function 'IoT_Udppseudo_check_sum':
cust/iot_uplink.c:102: warning: conversion to 'UINT16' from 'int' may alter its value
cust/iot_uplink.c:104: warning: conversion to 'UINT16' from 'int' may alter its value
cust/iot_uplink.c:109: warning: conversion to 'UCHAR' from 'int' may alter its value
cust/iot_uplink.c:110: warning: conversion to 'UCHAR' from 'int' may alter its value
cust/iot_uplink.c: In function 'IoT_build_send_udp_packet':
cust/iot_uplink.c:210: warning: implicit declaration of function 'STA_Legacy_Frame_Tx'
cust/iot_uplink.c: In function 'IoT_send_udp_directly':
cust/iot_uplink.c:271: warning: cast discards qualifiers from pointer target type
cust/iot_uplink.c:271: warning: conversion to 'UCHAR' from 'short unsigned int' may alter its value
cust/iot_uplink.c:272: warning: cast discards qualifiers from pointer target type
cust/iot_uplink.c:272: warning: conversion to 'UCHAR' from 'short unsigned int' may alter its value
cust/iot_uplink.c:273: warning: cast discards qualifiers from pointer target type
cust/iot_uplink.c:273: warning: conversion to 'UCHAR' from 'short unsigned int' may alter its value
cust/iot_uplink.c:274: warning: cast discards qualifiers from pointer target type
cust/iot_uplink.c:274: warning: conversion to 'UCHAR' from 'short unsigned int' may alter its value
cust/iot_uplink.c:277: warning: conversion to 'UCHAR' from 'short unsigned int' may alter its value
cust/iot_uplink.c:278: warning: conversion to 'UCHAR' from 'short unsigned int' may alter its value
cust/iot_uplink.c:279: warning: conversion to 'UCHAR' from 'short unsigned int' may alter its value
cust/iot_uplink.c:280: warning: conversion to 'UCHAR' from 'short unsigned int' may alter its value
Compiling cust/iot_xmodem.c ...
In file included from src/include/api/iot_api.h:14,
                 from cust/iot_xmodem.c:29:
src/include/driver/bmd.h:205:7: warning: backslash and newline separated by space
src/include/driver/bmd.h:210:7: warning: backslash and newline separated by space
cust/iot_xmodem.c: In function 'crc16_ccitt':
cust/iot_xmodem.c:53: warning: conversion to 'unsigned char' from 'int' may alter its value
cust/iot_xmodem.c:53: warning: conversion to 'short unsigned int' from 'UINT32' may alter its value
cust/iot_xmodem.c: In function 'port_inbyte':
cust/iot_xmodem.c:67: warning: conversion to 'int' from 'unsigned int' may change the sign of the result
cust/iot_xmodem.c: In function 'check':
cust/iot_xmodem.c:92: warning: conversion to 'short unsigned int' from 'int' may alter its value
cust/iot_xmodem.c:103: warning: conversion to 'unsigned char' from 'int' may alter its value
cust/iot_xmodem.c: In function 'IoT_xmodemReceive':
cust/iot_xmodem.c:219: warning: conversion to 'size_t' from 'int' may change the sign of the result
cust/iot_xmodem.c: In function 'IoT_xmodemTransmit':
cust/iot_xmodem.c:303: warning: conversion to 'unsigned char' from 'int' may alter its value
cust/iot_xmodem.c:305: warning: conversion to 'unsigned char' from 'int' may alter its value
cust/iot_xmodem.c:306: warning: conversion to 'unsigned char' from 'int' may alter its value
cust/iot_xmodem.c:308: warning: comparison is always true due to limited range of data type
cust/iot_xmodem.c:311: warning: conversion to 'size_t' from 'int' may change the sign of the result
cust/iot_xmodem.c:326: warning: conversion to 'unsigned char' from 'short unsigned int' may alter its value
cust/iot_xmodem.c:327: warning: conversion to 'unsigned char' from 'short unsigned int' may alter its value
cust/iot_xmodem.c:334: warning: conversion to 'unsigned char' from 'int' may alter its value
cust/iot_xmodem.c: In function 'IoT_Xmodem_Update_FW':
cust/iot_xmodem.c:544: warning: conversion to 'int' from 'unsigned int' may change the sign of the result
cust/iot_xmodem.c:561: warning: conversion to 'uint32' from 'int' may change the sign of the result
Compiling cust/main_pub.c ...
In file included from src/include/api/iot_api.h:14,
                 from cust/main_pub.c:28:
src/include/driver/bmd.h:205:7: warning: backslash and newline separated by space
src/include/driver/bmd.h:210:7: warning: backslash and newline separated by space
cust/main_pub.c: In function 'main':
cust/main_pub.c:59: warning: implicit declaration of function 'BSP_Init'
cust/main_pub.c:69: warning: implicit declaration of function 'APP_Init'
cust/main_pub.c:72: warning: implicit declaration of function 'sys_Init'
cust/main_pub.c:84: warning: implicit declaration of function 'sysTASK_RegTask'
cust/main_pub.c:91: warning: implicit declaration of function 'sysKernelStart'
Compiling cust/misc_pub.c ...
Compiling cust/mt7681_ChSw_pub.c ...
In file included from src/include/api/iot_api.h:14,
                 from cust/mt7681_ChSw_pub.c:27:
src/include/driver/bmd.h:205:7: warning: backslash and newline separated by space
src/include/driver/bmd.h:210:7: warning: backslash and newline separated by space
cust/mt7681_ChSw_pub.c: In function 'AsicSetChannel':
cust/mt7681_ChSw_pub.c:51: warning: implicit declaration of function 'rtmp_bbp_set_bw'
cust/mt7681_ChSw_pub.c:59: warning: implicit declaration of function 'AsicSwitchChannel'
Compiling cust/rtmp_data_pub.c ...
In file included from src/include/api/iot_api.h:14,
                 from cust/rtmp_data_pub.c:33:
src/include/driver/bmd.h:205:7: warning: backslash and newline separated by space
src/include/driver/bmd.h:210:7: warning: backslash and newline separated by space
cust/rtmp_data_pub.c: In function 'BeaconTimeoutAction':
cust/rtmp_data_pub.c:77: warning: unused parameter 'param'
cust/rtmp_data_pub.c:77: warning: unused parameter 'param2'
cust/rtmp_data_pub.c: In function 'STAHandleRxDataFrame':
cust/rtmp_data_pub.c:103: warning: implicit declaration of function 'RTMPRawDataSanity'
cust/rtmp_data_pub.c:105: warning: implicit declaration of function 'memcpy'
cust/rtmp_data_pub.c:106: warning: conversion to 'USHORT' from 'int' may alter its value
cust/rtmp_data_pub.c:110: warning: conversion to 'USHORT' from 'int' may alter its value
cust/rtmp_data_pub.c: In function 'STAHandleRxMgmtFrame':
cust/rtmp_data_pub.c:203: warning: implicit declaration of function 'APAssocReqActionAndSend'
cust/rtmp_data_pub.c:212: warning: implicit declaration of function 'APSendProbeAction'
cust/rtmp_data_pub.c:219: warning: implicit declaration of function 'APPeerAuthReqAction'
cust/rtmp_data_pub.c: In function 'STARxDoneInterruptHandle':
cust/rtmp_data_pub.c:342: warning: implicit declaration of function 'StorePhyMode'
cust/rtmp_data_pub.c:344: warning: implicit declaration of function 'RTMPCheckRxError'
cust/rtmp_data_pub.c: In function 'RxFsIntFilterOut':
cust/rtmp_data_pub.c:456: warning: unused variable 'RxBlk'
Compiling cust/spi-flash_pub.c ...
In file included from src/include/api/iot_api.h:14,
                 from cust/spi-flash_pub.c:7:
src/include/driver/bmd.h:205:7: warning: backslash and newline separated by space
src/include/driver/bmd.h:210:7: warning: backslash and newline separated by space
cust/spi-flash_pub.c: In function 'reflect':
cust/spi-flash_pub.c:94: warning: conversion to 'UINT32' from 'int' may change the sign of the result
cust/spi-flash_pub.c: In function 'crc32':
cust/spi-flash_pub.c:109: warning: conversion to 'UINT32' from 'int' may change the sign of the result
cust/spi-flash_pub.c:112: warning: negative integer implicitly converted to unsigned type
cust/spi-flash_pub.c: In function 'spi_flash_page_write':
cust/spi-flash_pub.c:265: warning: conversion to 'uint16' from 'int' may alter its value
cust/spi-flash_pub.c: In function 'spi_flash_write_func':
cust/spi-flash_pub.c:288: warning: conversion to 'uint16' from 'int' may alter its value
cust/spi-flash_pub.c: In function 'spi_flash_update_fw':
cust/spi-flash_pub.c:381: warning: conversion to 'uint32' from 'int' may change the sign of the result
cust/spi-flash_pub.c:387: warning: implicit declaration of function 'spi_flash_read'
cust/spi-flash_pub.c: In function 'spi_flash_write':
cust/spi-flash_pub.c:468: warning: conversion to 'UINT16' from 'int' may alter its value
cust/spi-flash_pub.c:469: warning: implicit declaration of function 'memcpy'
cust/spi-flash_pub.c:473: warning: conversion to 'uint16' from 'int' may alter its value
cust/spi-flash_pub.c: In function 'dump_spi_flash':
cust/spi-flash_pub.c:547: warning: 'return' with no value, in function returning non-void
cust/spi-flash_pub.c:552: warning: conversion to 'uint16' from 'UINT32' may alter its value
cust/spi-flash_pub.c:572: warning: suggest braces around empty body in an 'if' statement
Compiling cust/tcpip/clock-arch.c ...
cust/tcpip/clock-arch.c: In function 'clock_time':
cust/tcpip/clock-arch.c:50: warning: conversion to 'clock_time_t' from 'unsigned int' may change the sign of the result
Compiling cust/tcpip/dhcpc.c ...
In file included from src/include/api/iot_api.h:14,
                 from cust/tcpip/dhcpc.c:37:
src/include/driver/bmd.h:205:7: warning: backslash and newline separated by space
src/include/driver/bmd.h:210:7: warning: backslash and newline separated by space
cust/tcpip/dhcpc.c: In function 'create_msg':
cust/tcpip/dhcpc.c:181: warning: conversion to 'u8_t' from 'int' may alter its value
cust/tcpip/dhcpc.c:192: warning: conversion to 'size_t' from 'int' may change the sign of the result
cust/tcpip/dhcpc.c:193: warning: conversion to 'unsigned int' from 'int' may change the sign of the result
cust/tcpip/dhcpc.c: In function 'send_discover':
cust/tcpip/dhcpc.c:215: warning: pointer targets in passing argument 1 of 'strlen' differ in signedness
src/include/string.h:25: note: expected 'const char *' but argument is of type 'UCHAR *'
cust/tcpip/dhcpc.c:215: warning: pointer targets in passing argument 3 of 'add_other_options' differ in signedness
cust/tcpip/dhcpc.c:152: note: expected 'PCHAR' but argument is of type 'UCHAR *'
cust/tcpip/dhcpc.c:215: warning: conversion to 'u8_t' from 'size_t' may alter its value
cust/tcpip/dhcpc.c:218: warning: conversion to 'u16_t' from 'int' may alter its value
cust/tcpip/dhcpc.c: In function 'send_request':
cust/tcpip/dhcpc.c:235: warning: pointer targets in passing argument 1 of 'strlen' differ in signedness
src/include/string.h:25: note: expected 'const char *' but argument is of type 'UCHAR *'
cust/tcpip/dhcpc.c:235: warning: pointer targets in passing argument 3 of 'add_other_options' differ in signedness
cust/tcpip/dhcpc.c:152: note: expected 'PCHAR' but argument is of type 'UCHAR *'
cust/tcpip/dhcpc.c:235: warning: conversion to 'u8_t' from 'size_t' may alter its value
cust/tcpip/dhcpc.c:238: warning: conversion to 'u16_t' from 'int' may alter its value
cust/tcpip/dhcpc.c: In function 'parse_msg':
cust/tcpip/dhcpc.c:289: warning: conversion to 'long unsigned int' from 'int' may change the sign of the result
cust/tcpip/dhcpc.c: In function '_handle_dhcp':
cust/tcpip/dhcpc.c:325: warning: conversion to 'u16_t' from 'int' may alter its value
cust/tcpip/dhcpc.c:364: warning: conversion to 'u16_t' from 'int' may alter its value
cust/tcpip/dhcpc.c: In function 'dhcpc_request':
cust/tcpip/dhcpc.c:416: warning: cast discards qualifiers from pointer target type
cust/tcpip/dhcpc.c:416: warning: cast discards qualifiers from pointer target type
cust/tcpip/dhcpc.c: In function 'dhcpc_set_state':
cust/tcpip/dhcpc.c:423: warning: conversion to 'char' from 'u8_t' may change the sign of the result
Compiling cust/tcpip/dhcpd.c ...
cust/tcpip/dhcpd.c:43: warning: negative integer implicitly converted to unsigned type
cust/tcpip/dhcpd.c:44: warning: negative integer implicitly converted to unsigned type
cust/tcpip/dhcpd.c: In function 'discover':
cust/tcpip/dhcpd.c:161: warning: implicit declaration of function 'memcmp'
cust/tcpip/dhcpd.c:251: warning: conversion to 'unsigned int' from 'int' may change the sign of the result
cust/tcpip/dhcpd.c:251: warning: conversion to 'u16_t' from 'unsigned int' may alter its value
cust/tcpip/dhcpd.c: In function 'request':
cust/tcpip/dhcpd.c:384: warning: conversion to 'clock_time_t' from 'UINT32' may change the sign of the result
cust/tcpip/dhcpd.c:394: warning: conversion to 'unsigned int' from 'int' may change the sign of the result
cust/tcpip/dhcpd.c:394: warning: conversion to 'u16_t' from 'unsigned int' may alter its value
cust/tcpip/dhcpd.c: In function 'dhcpd_init':
cust/tcpip/dhcpd.c:451: warning: conversion to 'UINT32' from 'int' may change the sign of the result
cust/tcpip/dhcpd.c:452: warning: conversion to 'UINT32' from 'int' may change the sign of the result
cust/tcpip/dhcpd.c:461: warning: passing argument 1 of 'uip_udp_new' from incompatible pointer type
src/tcpip/apps/app_api/../../uip/uip.h:795: note: expected 'u16_t (*)[2]' but argument is of type 'u16_t *'
Compiling cust/tcpip/iot_tcp_app.c ...
In file included from src/include/api/iot_api.h:14,
                 from cust/tcpip/iot_tcp_app.c:4:
src/include/driver/bmd.h:205:7: warning: backslash and newline separated by space
src/include/driver/bmd.h:210:7: warning: backslash and newline separated by space
Compiling cust/tcpip/iot_tcpip_interface.c ...
Compiling cust/tcpip/iot_udp_app.c ...
In file included from src/include/api/iot_api.h:14,
                 from cust/tcpip/iot_udp_app.c:8:
src/include/driver/bmd.h:205:7: warning: backslash and newline separated by space
src/include/driver/bmd.h:210:7: warning: backslash and newline separated by space
cust/tcpip/iot_udp_app.c: In function 'iot_udp_app_init':
cust/tcpip/iot_udp_app.c:25: warning: implicit declaration of function 'dhcpd_init'
cust/tcpip/iot_udp_app.c: In function 'iot_udp_appcall':
cust/tcpip/iot_udp_app.c:72: warning: implicit declaration of function 'handle_dhcpd'
Compiling cust/tcpip/memb.c ...
cust/tcpip/memb.c: In function 'memb_init':
cust/tcpip/memb.c:56: warning: conversion to 'size_t' from 'int' may change the sign of the result
Compiling cust/tcpip/mt76xx_dev.c ...
In file included from src/include/api/iot_api.h:14,
                 from cust/tcpip/mt76xx_dev.c:3:
src/include/driver/bmd.h:205:7: warning: backslash and newline separated by space
src/include/driver/bmd.h:210:7: warning: backslash and newline separated by space
cust/tcpip/mt76xx_dev.c: In function 'mt76xx_dev_read':
cust/tcpip/mt76xx_dev.c:35: warning: implicit declaration of function 'memcpy'
cust/tcpip/mt76xx_dev.c: In function 'mt76xx_dev_send':
cust/tcpip/mt76xx_dev.c:76: warning: implicit declaration of function 'STA_Legacy_Frame_Tx'
Compiling cust/tcpip/resolv.c ...
cust/tcpip/resolv.c: In function 'resolv_conf':
cust/tcpip/resolv.c:426: warning: passing argument 1 of 'uip_udp_new' from incompatible pointer type
src/tcpip/uip/uip.h:795: note: expected 'u16_t (*)[2]' but argument is of type 'u16_t *'
Compiling cust/tcpip/sample_resolv_usage.c ...
cust/tcpip/sample_resolv_usage.c: In function 'resolv_usage_init':
cust/tcpip/sample_resolv_usage.c:36: warning: passing argument 1 of 'uip_udp_new' from incompatible pointer type
src/tcpip/uip/uip.h:795: note: expected 'u16_t (*)[2]' but argument is of type 'u16_t *'
cust/tcpip/sample_resolv_usage.c:36: warning: assignment from incompatible pointer type
cust/tcpip/sample_resolv_usage.c: In function 'resolv_usage_sample':
cust/tcpip/sample_resolv_usage.c:52: warning: 'return' with a value, in function returning void
cust/tcpip/sample_resolv_usage.c: At top level:
cust/tcpip/sample_resolv_usage.c:15: warning: 'dns_timer' defined but not used
Compiling cust/tcpip/sample_udp_client.c ...
Compiling cust/tcpip/sample_udp_server.c ...
cust/tcpip/sample_udp_server.c: In function 'udp_server_sample':
cust/tcpip/sample_udp_server.c:36: warning: implicit declaration of function 'memcmp'
cust/tcpip/sample_udp_server.c:37: warning: cast discards qualifiers from pointer target type
cust/tcpip/sample_udp_server.c:37: warning: cast discards qualifiers from pointer target type
Compiling cust/tcpip/tcpip_main.c ...
In file included from src/include/api/iot_api.h:14,
                 from cust/tcpip/tcpip_main.c:42:
src/include/driver/bmd.h:205:7: warning: backslash and newline separated by space
src/include/driver/bmd.h:210:7: warning: backslash and newline separated by space
cust/tcpip/tcpip_main.c: In function '_tcpip_init':
cust/tcpip/tcpip_main.c:85: warning: cast discards qualifiers from pointer target type
cust/tcpip/tcpip_main.c:85: warning: cast discards qualifiers from pointer target type
cust/tcpip/tcpip_main.c:87: warning: cast discards qualifiers from pointer target type
cust/tcpip/tcpip_main.c:87: warning: cast discards qualifiers from pointer target type
cust/tcpip/tcpip_main.c:89: warning: cast discards qualifiers from pointer target type
cust/tcpip/tcpip_main.c:89: warning: cast discards qualifiers from pointer target type
cust/tcpip/tcpip_main.c:91: warning: cast discards qualifiers from pointer target type
cust/tcpip/tcpip_main.c:91: warning: cast discards qualifiers from pointer target type
cust/tcpip/tcpip_main.c: In function 'netif_rx':
cust/tcpip/tcpip_main.c:145: warning: cast increases required alignment of target type
cust/tcpip/tcpip_main.c:155: warning: cast increases required alignment of target type
cust/tcpip/tcpip_main.c: In function 'dhcpc_configured':
cust/tcpip/tcpip_main.c:238: warning: cast discards qualifiers from pointer target type
cust/tcpip/tcpip_main.c:238: warning: cast discards qualifiers from pointer target type
cust/tcpip/tcpip_main.c:238: warning: cast discards qualifiers from pointer target type
cust/tcpip/tcpip_main.c:238: warning: cast discards qualifiers from pointer target type
cust/tcpip/tcpip_main.c:239: warning: cast discards qualifiers from pointer target type
cust/tcpip/tcpip_main.c:239: warning: cast discards qualifiers from pointer target type
cust/tcpip/tcpip_main.c:239: warning: cast discards qualifiers from pointer target type
cust/tcpip/tcpip_main.c:239: warning: cast discards qualifiers from pointer target type
cust/tcpip/tcpip_main.c:240: warning: cast discards qualifiers from pointer target type
cust/tcpip/tcpip_main.c:240: warning: cast discards qualifiers from pointer target type
cust/tcpip/tcpip_main.c:240: warning: cast discards qualifiers from pointer target type
cust/tcpip/tcpip_main.c:240: warning: cast discards qualifiers from pointer target type
Compiling cust/tcpip/uip-fw.c ...
cust/tcpip/uip-fw.c: In function 'time_exceeded':
cust/tcpip/uip-fw.c:227: warning: cast increases required alignment of target type
cust/tcpip/uip-fw.c:232: warning: cast increases required alignment of target type
cust/tcpip/uip-fw.c:232: warning: cast increases required alignment of target type
cust/tcpip/uip-fw.c:235: warning: cast increases required alignment of target type
cust/tcpip/uip-fw.c:236: warning: cast increases required alignment of target type
cust/tcpip/uip-fw.c:239: warning: cast increases required alignment of target type
cust/tcpip/uip-fw.c:240: warning: cast increases required alignment of target type
cust/tcpip/uip-fw.c:240: warning: cast increases required alignment of target type
cust/tcpip/uip-fw.c:240: warning: cast increases required alignment of target type
cust/tcpip/uip-fw.c:240: warning: conversion to 'u16_t' from 'int' may alter its value
cust/tcpip/uip-fw.c:244: warning: cast increases required alignment of target type
cust/tcpip/uip-fw.c:245: warning: cast increases required alignment of target type
cust/tcpip/uip-fw.c:245: warning: cast increases required alignment of target type
cust/tcpip/uip-fw.c:246: warning: cast increases required alignment of target type
cust/tcpip/uip-fw.c:247: warning: cast increases required alignment of target type
cust/tcpip/uip-fw.c:248: warning: cast increases required alignment of target type
cust/tcpip/uip-fw.c:248: warning: cast increases required alignment of target type
cust/tcpip/uip-fw.c:249: warning: cast increases required alignment of target type
cust/tcpip/uip-fw.c:252: warning: cast increases required alignment of target type
cust/tcpip/uip-fw.c:253: warning: cast increases required alignment of target type
cust/tcpip/uip-fw.c:258: warning: cast increases required alignment of target type
cust/tcpip/uip-fw.c:259: warning: cast increases required alignment of target type
cust/tcpip/uip-fw.c:259: warning: conversion to 'u8_t' from 'u16_t' may alter its value
cust/tcpip/uip-fw.c:262: warning: cast increases required alignment of target type
cust/tcpip/uip-fw.c:263: warning: cast increases required alignment of target type
cust/tcpip/uip-fw.c:264: warning: cast increases required alignment of target type
cust/tcpip/uip-fw.c:264: warning: cast increases required alignment of target type
cust/tcpip/uip-fw.c:265: warning: cast increases required alignment of target type
cust/tcpip/uip-fw.c:266: warning: cast increases required alignment of target type
cust/tcpip/uip-fw.c:269: warning: cast increases required alignment of target type
cust/tcpip/uip-fw.c:270: warning: cast increases required alignment of target type
cust/tcpip/uip-fw.c:270: warning: conversion to 'u16_t' from 'int' may alter its value
cust/tcpip/uip-fw.c: In function 'fwcache_register':
cust/tcpip/uip-fw.c:302: warning: cast increases required alignment of target type
cust/tcpip/uip-fw.c:303: warning: cast increases required alignment of target type
cust/tcpip/uip-fw.c:304: warning: cast increases required alignment of target type
cust/tcpip/uip-fw.c:305: warning: cast increases required alignment of target type
cust/tcpip/uip-fw.c:306: warning: cast increases required alignment of target type
cust/tcpip/uip-fw.c:307: warning: cast increases required alignment of target type
cust/tcpip/uip-fw.c: In function 'find_netif':
cust/tcpip/uip-fw.c:330: warning: cast increases required alignment of target type
cust/tcpip/uip-fw.c: In function 'uip_fw_output':
cust/tcpip/uip-fw.c:371: warning: cast increases required alignment of target type
cust/tcpip/uip-fw.c:372: warning: cast increases required alignment of target type
cust/tcpip/uip-fw.c: In function 'uip_fw_forward':
cust/tcpip/uip-fw.c:412: warning: cast increases required alignment of target type
cust/tcpip/uip-fw.c:413: warning: cast increases required alignment of target type
cust/tcpip/uip-fw.c:436: warning: cast increases required alignment of target type
cust/tcpip/uip-fw.c:437: warning: cast increases required alignment of target type
cust/tcpip/uip-fw.c:438: warning: cast increases required alignment of target type
cust/tcpip/uip-fw.c:439: warning: cast increases required alignment of target type
cust/tcpip/uip-fw.c:440: warning: cast increases required alignment of target type
cust/tcpip/uip-fw.c:445: warning: cast increases required alignment of target type
cust/tcpip/uip-fw.c:454: warning: cast increases required alignment of target type
cust/tcpip/uip-fw.c:456: warning: cast increases required alignment of target type
cust/tcpip/uip-fw.c:456: warning: cast increases required alignment of target type
cust/tcpip/uip-fw.c:463: warning: cast increases required alignment of target type
cust/tcpip/uip-fw.c:463: warning: cast increases required alignment of target type
cust/tcpip/uip-fw.c:463: warning: conversion to 'u8_t' from 'int' may alter its value
cust/tcpip/uip-fw.c:466: warning: cast increases required alignment of target type
cust/tcpip/uip-fw.c:467: warning: cast increases required alignment of target type
cust/tcpip/uip-fw.c:467: warning: cast increases required alignment of target type
cust/tcpip/uip-fw.c:467: warning: conversion to 'u16_t' from 'int' may alter its value
cust/tcpip/uip-fw.c:469: warning: cast increases required alignment of target type
cust/tcpip/uip-fw.c:469: warning: cast increases required alignment of target type
cust/tcpip/uip-fw.c:469: warning: conversion to 'u16_t' from 'int' may alter its value
cust/tcpip/uip-fw.c:478: warning: cast increases required alignment of target type
cust/tcpip/uip-fw.c:478: warning: cast increases required alignment of target type
Compiling cust/tcpip/uip-neighbor.c ...
cust/tcpip/uip-neighbor.c: In function 'uip_neighbor_add':
cust/tcpip/uip-neighbor.c:102: warning: cast increases required alignment of target type
cust/tcpip/uip-neighbor.c:102: warning: cast increases required alignment of target type
Compiling cust/tcpip/uip-split.c ...
cust/tcpip/uip-split.c: In function 'uip_split_output':
cust/tcpip/uip-split.c:54: warning: cast increases required alignment of target type
cust/tcpip/uip-split.c:57: warning: conversion to 'u16_t' from 'int' may alter its value
cust/tcpip/uip-split.c:67: warning: conversion to 'u16_t' from 'int' may alter its value
cust/tcpip/uip-split.c:74: warning: cast increases required alignment of target type
cust/tcpip/uip-split.c:74: warning: conversion to 'u8_t' from 'short unsigned int' may alter its value
cust/tcpip/uip-split.c:75: warning: cast increases required alignment of target type
cust/tcpip/uip-split.c:75: warning: conversion to 'u8_t' from 'short unsigned int' may alter its value
cust/tcpip/uip-split.c:79: warning: cast increases required alignment of target type
cust/tcpip/uip-split.c:80: warning: cast increases required alignment of target type
cust/tcpip/uip-split.c:80: warning: conversion to 'u16_t' from 'int' may alter its value
cust/tcpip/uip-split.c:84: warning: cast increases required alignment of target type
cust/tcpip/uip-split.c:85: warning: cast increases required alignment of target type
cust/tcpip/uip-split.c:85: warning: conversion to 'u16_t' from 'int' may alter its value
cust/tcpip/uip-split.c:97: warning: conversion to 'u16_t' from 'int' may alter its value
cust/tcpip/uip-split.c:104: warning: cast increases required alignment of target type
cust/tcpip/uip-split.c:104: warning: conversion to 'u8_t' from 'short unsigned int' may alter its value
cust/tcpip/uip-split.c:105: warning: cast increases required alignment of target type
cust/tcpip/uip-split.c:105: warning: conversion to 'u8_t' from 'short unsigned int' may alter its value
cust/tcpip/uip-split.c:111: warning: cast increases required alignment of target type
cust/tcpip/uip-split.c:112: warning: cast increases required alignment of target type
cust/tcpip/uip-split.c:113: warning: cast increases required alignment of target type
cust/tcpip/uip-split.c:114: warning: cast increases required alignment of target type
cust/tcpip/uip-split.c:115: warning: cast increases required alignment of target type
cust/tcpip/uip-split.c:118: warning: cast increases required alignment of target type
cust/tcpip/uip-split.c:119: warning: cast increases required alignment of target type
cust/tcpip/uip-split.c:119: warning: conversion to 'u16_t' from 'int' may alter its value
cust/tcpip/uip-split.c:123: warning: cast increases required alignment of target type
cust/tcpip/uip-split.c:124: warning: cast increases required alignment of target type
cust/tcpip/uip-split.c:124: warning: conversion to 'u16_t' from 'int' may alter its value
Compiling cust/tcpip/uip.c ...
cust/tcpip/uip.c: In function 'uip_add32':
cust/tcpip/uip.c:251: warning: conversion to 'u8_t' from 'int' may alter its value
cust/tcpip/uip.c:252: warning: conversion to 'u8_t' from 'int' may alter its value
cust/tcpip/uip.c: In function 'chksum':
cust/tcpip/uip.c:290: warning: conversion to 'u16_t' from 'int' may alter its value
cust/tcpip/uip.c:291: warning: conversion to 'u16_t' from 'int' may alter its value
cust/tcpip/uip.c:299: warning: conversion to 'u16_t' from 'int' may alter its value
cust/tcpip/uip.c:300: warning: conversion to 'u16_t' from 'int' may alter its value
cust/tcpip/uip.c: In function 'uip_ipchksum':
cust/tcpip/uip.c:324: warning: conversion to 'u16_t' from 'int' may alter its value
cust/tcpip/uip.c: In function 'upper_layer_chksum':
cust/tcpip/uip.c:337: warning: cast increases required alignment of target type
cust/tcpip/uip.c:337: warning: cast increases required alignment of target type
cust/tcpip/uip.c:337: warning: conversion to 'u16_t' from 'int' may alter its value
cust/tcpip/uip.c:343: warning: conversion to 'u16_t' from 'int' may alter its value
cust/tcpip/uip.c:345: warning: cast increases required alignment of target type
cust/tcpip/uip.c:351: warning: conversion to 'u16_t' from 'int' may alter its value
cust/tcpip/uip.c: In function 'uip_init':
cust/tcpip/uip.c:395: warning: conversion to 'u8_t' from 'int' may alter its value
cust/tcpip/uip.c:399: warning: cast discards qualifiers from pointer target type
cust/tcpip/uip.c: In function '_uip_process':
cust/tcpip/uip.c:769: warning: cast increases required alignment of target type
cust/tcpip/uip.c:774: warning: conversion to 'u8_t' from 'int' may alter its value
cust/tcpip/uip.c:793: warning: cast increases required alignment of target type
cust/tcpip/uip.c:832: warning: cast discards qualifiers from pointer target type
cust/tcpip/uip.c:832: warning: cast discards qualifiers from pointer target type
cust/tcpip/uip.c:832: warning: cast discards qualifiers from pointer target type
cust/tcpip/uip.c:832: warning: cast discards qualifiers from pointer target type
cust/tcpip/uip.c:861: warning: cast increases required alignment of target type
cust/tcpip/uip.c:876: warning: cast increases required alignment of target type
cust/tcpip/uip.c:876: warning: cast increases required alignment of target type
cust/tcpip/uip.c:877: warning: cast increases required alignment of target type
cust/tcpip/uip.c:877: warning: cast increases required alignment of target type
cust/tcpip/uip.c:877: warning: conversion to 'u16_t' from 'int' may alter its value
cust/tcpip/uip.c:896: warning: cast increases required alignment of target type
cust/tcpip/uip.c:897: warning: cast increases required alignment of target type
cust/tcpip/uip.c:912: warning: cast discards qualifiers from pointer target type
cust/tcpip/uip.c:912: warning: cast discards qualifiers from pointer target type
cust/tcpip/uip.c:912: warning: cast discards qualifiers from pointer target type
cust/tcpip/uip.c:912: warning: cast discards qualifiers from pointer target type
cust/tcpip/uip.c:931: warning: cast increases required alignment of target type
cust/tcpip/uip.c:932: warning: cast increases required alignment of target type
cust/tcpip/uip.c:932: warning: cast discards qualifiers from pointer target type
cust/tcpip/uip.c:932: warning: cast increases required alignment of target type
cust/tcpip/uip.c:932: warning: cast discards qualifiers from pointer target type
cust/tcpip/uip.c:941: warning: cast increases required alignment of target type
cust/tcpip/uip.c:941: warning: cast discards qualifiers from pointer target type
cust/tcpip/uip.c:941: warning: cast increases required alignment of target type
cust/tcpip/uip.c:941: warning: cast discards qualifiers from pointer target type
cust/tcpip/uip.c:969: warning: cast increases required alignment of target type
cust/tcpip/uip.c:976: warning: cast increases required alignment of target type
cust/tcpip/uip.c:983: warning: cast increases required alignment of target type
cust/tcpip/uip.c:999: warning: cast increases required alignment of target type
cust/tcpip/uip.c:1016: warning: cast increases required alignment of target type
cust/tcpip/uip.c:1018: warning: cast increases required alignment of target type
cust/tcpip/uip.c:1019: warning: cast increases required alignment of target type
cust/tcpip/uip.c:1019: warning: conversion to 'u16_t' from 'int' may alter its value
cust/tcpip/uip.c:1021: warning: cast increases required alignment of target type
cust/tcpip/uip.c:1021: warning: conversion to 'u16_t' from 'int' may alter its value
cust/tcpip/uip.c:1025: warning: cast increases required alignment of target type
cust/tcpip/uip.c:1025: warning: cast increases required alignment of target type
cust/tcpip/uip.c:1025: warning: cast increases required alignment of target type
cust/tcpip/uip.c:1025: warning: cast increases required alignment of target type
cust/tcpip/uip.c:1026: warning: cast increases required alignment of target type
cust/tcpip/uip.c:1026: warning: cast discards qualifiers from pointer target type
cust/tcpip/uip.c:1026: warning: cast increases required alignment of target type
cust/tcpip/uip.c:1026: warning: cast discards qualifiers from pointer target type
cust/tcpip/uip.c:1109: warning: conversion to 'u16_t' from 'int' may alter its value
cust/tcpip/uip.c:1111: warning: cast increases required alignment of target type
cust/tcpip/uip.c:1149: warning: cast increases required alignment of target type
cust/tcpip/uip.c:1150: warning: cast increases required alignment of target type
cust/tcpip/uip.c:1151: warning: cast discards qualifiers from pointer target type
cust/tcpip/uip.c:1151: warning: cast discards qualifiers from pointer target type
cust/tcpip/uip.c:1152: warning: cast discards qualifiers from pointer target type
cust/tcpip/uip.c:1152: warning: cast discards qualifiers from pointer target type
cust/tcpip/uip.c:1153: warning: cast increases required alignment of target type
cust/tcpip/uip.c:1153: warning: cast increases required alignment of target type
cust/tcpip/uip.c:1156: warning: cast increases required alignment of target type
cust/tcpip/uip.c:1157: warning: cast increases required alignment of target type
cust/tcpip/uip.c:1157: warning: cast increases required alignment of target type
cust/tcpip/uip.c:1177: warning: cast discards qualifiers from pointer target type
cust/tcpip/uip.c:1177: warning: cast discards qualifiers from pointer target type
cust/tcpip/uip.c:1182: warning: conversion to 'u16_t' from 'int' may alter its value
cust/tcpip/uip.c:1190: warning: cast increases required alignment of target type
cust/tcpip/uip.c:1190: warning: conversion to 'u8_t' from 'short unsigned int' may alter its value
cust/tcpip/uip.c:1191: warning: cast increases required alignment of target type
cust/tcpip/uip.c:1191: warning: conversion to 'u8_t' from 'short unsigned int' may alter its value
cust/tcpip/uip.c:1194: warning: cast increases required alignment of target type
cust/tcpip/uip.c:1195: warning: cast increases required alignment of target type
cust/tcpip/uip.c:1197: warning: cast increases required alignment of target type
cust/tcpip/uip.c:1198: warning: cast increases required alignment of target type
cust/tcpip/uip.c:1200: warning: cast increases required alignment of target type
cust/tcpip/uip.c:1201: warning: cast increases required alignment of target type
cust/tcpip/uip.c:1203: warning: cast increases required alignment of target type
cust/tcpip/uip.c:1203: warning: cast discards qualifiers from pointer target type
cust/tcpip/uip.c:1203: warning: cast increases required alignment of target type
cust/tcpip/uip.c:1203: warning: cast discards qualifiers from pointer target type
cust/tcpip/uip.c:1204: warning: cast increases required alignment of target type
cust/tcpip/uip.c:1204: warning: cast increases required alignment of target type
cust/tcpip/uip.c:1208: warning: cast discards qualifiers from pointer target type
cust/tcpip/uip.c:1208: warning: cast discards qualifiers from pointer target type
cust/tcpip/uip.c:1214: warning: cast increases required alignment of target type
cust/tcpip/uip.c:1214: warning: conversion to 'u16_t' from 'int' may alter its value
cust/tcpip/uip.c:1215: warning: cast increases required alignment of target type
cust/tcpip/uip.c:1216: warning: cast increases required alignment of target type
cust/tcpip/uip.c:1243: warning: cast increases required alignment of target type
cust/tcpip/uip.c:1244: warning: cast increases required alignment of target type
cust/tcpip/uip.c:1245: warning: cast increases required alignment of target type
cust/tcpip/uip.c:1245: warning: cast increases required alignment of target type
cust/tcpip/uip.c:1254: warning: cast increases required alignment of target type
cust/tcpip/uip.c:1258: warning: cast increases required alignment of target type
cust/tcpip/uip.c:1270: warning: cast increases required alignment of target type
cust/tcpip/uip.c:1276: warning: cast increases required alignment of target type
cust/tcpip/uip.c:1278: warning: cast increases required alignment of target type
cust/tcpip/uip.c:1281: warning: cast increases required alignment of target type
cust/tcpip/uip.c:1282: warning: cast increases required alignment of target type
cust/tcpip/uip.c:1282: warning: cast increases required alignment of target type
cust/tcpip/uip.c:1283: warning: cast increases required alignment of target type
cust/tcpip/uip.c:1285: warning: cast increases required alignment of target type
cust/tcpip/uip.c:1286: warning: cast increases required alignment of target type
cust/tcpip/uip.c:1286: warning: cast increases required alignment of target type
cust/tcpip/uip.c:1287: warning: cast increases required alignment of target type
cust/tcpip/uip.c:1289: warning: cast increases required alignment of target type
cust/tcpip/uip.c:1290: warning: cast increases required alignment of target type
cust/tcpip/uip.c:1290: warning: cast increases required alignment of target type
cust/tcpip/uip.c:1291: warning: cast increases required alignment of target type
cust/tcpip/uip.c:1293: warning: cast increases required alignment of target type
cust/tcpip/uip.c:1294: warning: cast increases required alignment of target type
cust/tcpip/uip.c:1294: warning: cast increases required alignment of target type
cust/tcpip/uip.c:1295: warning: cast increases required alignment of target type
cust/tcpip/uip.c:1300: warning: cast increases required alignment of target type
cust/tcpip/uip.c:1301: warning: cast increases required alignment of target type
cust/tcpip/uip.c:1302: warning: cast increases required alignment of target type
cust/tcpip/uip.c:1303: warning: cast increases required alignment of target type
cust/tcpip/uip.c:1309: warning: cast increases required alignment of target type
cust/tcpip/uip.c:1310: warning: cast increases required alignment of target type
cust/tcpip/uip.c:1310: warning: cast increases required alignment of target type
cust/tcpip/uip.c:1311: warning: cast increases required alignment of target type
cust/tcpip/uip.c:1314: warning: cast increases required alignment of target type
cust/tcpip/uip.c:1314: warning: cast increases required alignment of target type
cust/tcpip/uip.c:1314: warning: cast increases required alignment of target type
cust/tcpip/uip.c:1314: warning: cast increases required alignment of target type
cust/tcpip/uip.c:1315: warning: cast increases required alignment of target type
cust/tcpip/uip.c:1315: warning: cast discards qualifiers from pointer target type
cust/tcpip/uip.c:1315: warning: cast increases required alignment of target type
cust/tcpip/uip.c:1315: warning: cast discards qualifiers from pointer target type
cust/tcpip/uip.c:1359: warning: cast increases required alignment of target type
cust/tcpip/uip.c:1360: warning: cast increases required alignment of target type
cust/tcpip/uip.c:1361: warning: cast increases required alignment of target type
cust/tcpip/uip.c:1361: warning: cast increases required alignment of target type
cust/tcpip/uip.c:1371: warning: cast increases required alignment of target type
cust/tcpip/uip.c:1372: warning: cast increases required alignment of target type
cust/tcpip/uip.c:1373: warning: cast increases required alignment of target type
cust/tcpip/uip.c:1374: warning: cast increases required alignment of target type
cust/tcpip/uip.c:1378: warning: cast increases required alignment of target type
cust/tcpip/uip.c:1379: warning: cast increases required alignment of target type
cust/tcpip/uip.c:1391: warning: conversion to 'u16_t' from 'int' may alter its value
cust/tcpip/uip.c:1393: warning: conversion to 'u16_t' from 'int' may alter its value
cust/tcpip/uip.c:1405: warning: conversion to 'u8_t' from 'int' may alter its value
cust/tcpip/uip.c:1413: warning: cast increases required alignment of target type
cust/tcpip/uip.c:1416: warning: cast increases required alignment of target type
cust/tcpip/uip.c:1424: warning: cast increases required alignment of target type
cust/tcpip/uip.c:1425: warning: cast increases required alignment of target type
cust/tcpip/uip.c:1426: warning: cast increases required alignment of target type
cust/tcpip/uip.c:1427: warning: cast increases required alignment of target type
cust/tcpip/uip.c:1429: warning: cast increases required alignment of target type
cust/tcpip/uip.c:1440: warning: cast increases required alignment of target type
cust/tcpip/uip.c:1449: warning: cast increases required alignment of target type
cust/tcpip/uip.c:1449: warning: conversion to 'u8_t' from 'int' may alter its value
cust/tcpip/uip.c:1453: warning: conversion to 'u16_t' from 'int' may alter its value
cust/tcpip/uip.c:1459: warning: cast increases required alignment of target type
cust/tcpip/uip.c:1460: warning: cast increases required alignment of target type
cust/tcpip/uip.c:1461: warning: cast increases required alignment of target type
cust/tcpip/uip.c:1462: warning: cast increases required alignment of target type
cust/tcpip/uip.c:1463: warning: cast increases required alignment of target type
cust/tcpip/uip.c:1464: warning: cast increases required alignment of target type
cust/tcpip/uip.c:1473: warning: cast increases required alignment of target type
cust/tcpip/uip.c:1476: warning: cast increases required alignment of target type
cust/tcpip/uip.c:1477: warning: cast increases required alignment of target type
cust/tcpip/uip.c:1478: warning: cast increases required alignment of target type
cust/tcpip/uip.c:1479: warning: cast increases required alignment of target type
cust/tcpip/uip.c:1490: warning: conversion to 'signed char' from 'int' may alter its value
cust/tcpip/uip.c:1492: warning: conversion to 'signed char' from 'int' may alter its value
cust/tcpip/uip.c:1493: warning: conversion to 'u8_t' from 'int' may alter its value
cust/tcpip/uip.c:1495: warning: conversion to 'signed char' from 'int' may alter its value
cust/tcpip/uip.c:1497: warning: conversion to 'signed char' from 'int' may alter its value
cust/tcpip/uip.c:1498: warning: conversion to 'u8_t' from 'int' may alter its value
cust/tcpip/uip.c:1499: warning: conversion to 'u8_t' from 'int' may alter its value
cust/tcpip/uip.c:1544: warning: cast increases required alignment of target type
cust/tcpip/uip.c:1547: warning: cast increases required alignment of target type
cust/tcpip/uip.c:1548: warning: cast increases required alignment of target type
cust/tcpip/uip.c:1560: warning: conversion to 'u16_t' from 'int' may alter its value
cust/tcpip/uip.c:1562: warning: conversion to 'u16_t' from 'int' may alter its value
cust/tcpip/uip.c:1574: warning: conversion to 'u8_t' from 'int' may alter its value
cust/tcpip/uip.c:1579: warning: cast increases required alignment of target type
cust/tcpip/uip.c:1580: warning: cast increases required alignment of target type
cust/tcpip/uip.c:1581: warning: cast increases required alignment of target type
cust/tcpip/uip.c:1582: warning: cast increases required alignment of target type
cust/tcpip/uip.c:1611: warning: cast increases required alignment of target type
cust/tcpip/uip.c:1615: warning: conversion to 'u16_t' from 'int' may alter its value
cust/tcpip/uip.c:1625: warning: cast increases required alignment of target type
cust/tcpip/uip.c:1631: warning: cast increases required alignment of target type
cust/tcpip/uip.c:1645: warning: cast increases required alignment of target type
cust/tcpip/uip.c:1645: warning: cast increases required alignment of target type
cust/tcpip/uip.c:1646: warning: cast increases required alignment of target type
cust/tcpip/uip.c:1646: warning: cast increases required alignment of target type
cust/tcpip/uip.c:1646: warning: conversion to 'u16_t' from 'int' may alter its value
cust/tcpip/uip.c:1672: warning: cast increases required alignment of target type
cust/tcpip/uip.c:1672: warning: cast increases required alignment of target type
cust/tcpip/uip.c:1672: warning: conversion to 'u16_t' from 'int' may alter its value
cust/tcpip/uip.c:1703: warning: cast increases required alignment of target type
cust/tcpip/uip.c:1712: warning: cast increases required alignment of target type
cust/tcpip/uip.c:1756: warning: conversion to 'u16_t' from 'int' may alter its value
cust/tcpip/uip.c:1758: warning: cast increases required alignment of target type
cust/tcpip/uip.c:1766: warning: cast increases required alignment of target type
cust/tcpip/uip.c:1788: warning: cast increases required alignment of target type
cust/tcpip/uip.c:1814: warning: cast increases required alignment of target type
cust/tcpip/uip.c:1842: warning: cast increases required alignment of target type
cust/tcpip/uip.c:1846: warning: cast increases required alignment of target type
cust/tcpip/uip.c:1852: warning: cast increases required alignment of target type
cust/tcpip/uip.c:1853: warning: cast increases required alignment of target type
cust/tcpip/uip.c:1854: warning: cast increases required alignment of target type
cust/tcpip/uip.c:1855: warning: cast increases required alignment of target type
cust/tcpip/uip.c:1857: warning: cast increases required alignment of target type
cust/tcpip/uip.c:1858: warning: cast increases required alignment of target type
cust/tcpip/uip.c:1859: warning: cast increases required alignment of target type
cust/tcpip/uip.c:1860: warning: cast increases required alignment of target type
cust/tcpip/uip.c:1862: warning: cast increases required alignment of target type
cust/tcpip/uip.c:1864: warning: cast increases required alignment of target type
cust/tcpip/uip.c:1865: warning: cast increases required alignment of target type
cust/tcpip/uip.c:1867: warning: cast increases required alignment of target type
cust/tcpip/uip.c:1867: warning: cast discards qualifiers from pointer target type
cust/tcpip/uip.c:1867: warning: cast increases required alignment of target type
cust/tcpip/uip.c:1867: warning: cast discards qualifiers from pointer target type
cust/tcpip/uip.c:1868: warning: cast increases required alignment of target type
cust/tcpip/uip.c:1868: warning: cast increases required alignment of target type
cust/tcpip/uip.c:1873: warning: cast increases required alignment of target type
cust/tcpip/uip.c:1873: warning: cast increases required alignment of target type
cust/tcpip/uip.c:1875: warning: cast increases required alignment of target type
cust/tcpip/uip.c:1876: warning: cast increases required alignment of target type
cust/tcpip/uip.c:1880: warning: cast increases required alignment of target type
cust/tcpip/uip.c:1887: warning: cast increases required alignment of target type
cust/tcpip/uip.c:1887: warning: conversion to 'u8_t' from 'short unsigned int' may alter its value
cust/tcpip/uip.c:1888: warning: cast increases required alignment of target type
cust/tcpip/uip.c:1888: warning: conversion to 'u8_t' from 'short unsigned int' may alter its value
cust/tcpip/uip.c:1891: warning: cast increases required alignment of target type
cust/tcpip/uip.c:1891: warning: cast increases required alignment of target type
cust/tcpip/uip.c:1894: warning: cast increases required alignment of target type
cust/tcpip/uip.c:1895: warning: cast increases required alignment of target type
cust/tcpip/uip.c:1895: warning: conversion to 'u16_t' from 'int' may alter its value
cust/tcpip/uip.c:1904: warning: cast increases required alignment of target type
cust/tcpip/uip.c:1905: warning: cast increases required alignment of target type
cust/tcpip/uip.c:1906: warning: cast increases required alignment of target type
cust/tcpip/uip.c:1906: warning: cast increases required alignment of target type
cust/tcpip/uip.c:1908: warning: cast increases required alignment of target type
cust/tcpip/uip.c:1908: warning: conversion to 'u8_t' from 'short unsigned int' may alter its value
cust/tcpip/uip.c:1909: warning: cast increases required alignment of target type
cust/tcpip/uip.c:1909: warning: conversion to 'u8_t' from 'short unsigned int' may alter its value
cust/tcpip/uip.c:1911: warning: cast increases required alignment of target type
cust/tcpip/uip.c:1912: warning: cast increases required alignment of target type
cust/tcpip/uip.c:1912: warning: conversion to 'u16_t' from 'int' may alter its value
Compiling cust/tcpip/uip_arp.c ...
In file included from src/include/api/iot_api.h:14,
                 from cust/tcpip/uip_arp.c:63:
src/include/driver/bmd.h:205:7: warning: backslash and newline separated by space
src/include/driver/bmd.h:210:7: warning: backslash and newline separated by space
cust/tcpip/uip_arp.c: In function 'uip_arp_update':
cust/tcpip/uip_arp.c:207: warning: conversion to 'u8_t' from 'int' may alter its value
cust/tcpip/uip_arp.c: In function 'uip_arp_arpin':
cust/tcpip/uip_arp.c:289: warning: cast increases required alignment of target type
cust/tcpip/uip_arp.c:293: warning: cast increases required alignment of target type
cust/tcpip/uip_arp.c:293: warning: cast discards qualifiers from pointer target type
cust/tcpip/uip_arp.c:293: warning: cast increases required alignment of target type
cust/tcpip/uip_arp.c:293: warning: cast discards qualifiers from pointer target type
cust/tcpip/uip_arp.c:298: warning: cast increases required alignment of target type
cust/tcpip/uip_arp.c:298: warning: cast increases required alignment of target type
cust/tcpip/uip_arp.c:301: warning: cast increases required alignment of target type
cust/tcpip/uip_arp.c:303: warning: cast increases required alignment of target type
cust/tcpip/uip_arp.c:303: warning: cast increases required alignment of target type
cust/tcpip/uip_arp.c:304: warning: cast increases required alignment of target type
cust/tcpip/uip_arp.c:305: warning: cast increases required alignment of target type
cust/tcpip/uip_arp.c:306: warning: cast increases required alignment of target type
cust/tcpip/uip_arp.c:306: warning: cast increases required alignment of target type
cust/tcpip/uip_arp.c:308: warning: cast increases required alignment of target type
cust/tcpip/uip_arp.c:308: warning: cast increases required alignment of target type
cust/tcpip/uip_arp.c:309: warning: cast increases required alignment of target type
cust/tcpip/uip_arp.c:309: warning: cast increases required alignment of target type
cust/tcpip/uip_arp.c:310: warning: cast increases required alignment of target type
cust/tcpip/uip_arp.c:311: warning: cast increases required alignment of target type
cust/tcpip/uip_arp.c:313: warning: cast increases required alignment of target type
cust/tcpip/uip_arp.c:320: warning: cast increases required alignment of target type
cust/tcpip/uip_arp.c:320: warning: cast discards qualifiers from pointer target type
cust/tcpip/uip_arp.c:320: warning: cast increases required alignment of target type
cust/tcpip/uip_arp.c:320: warning: cast discards qualifiers from pointer target type
cust/tcpip/uip_arp.c:321: warning: cast increases required alignment of target type
cust/tcpip/uip_arp.c:321: warning: cast increases required alignment of target type
cust/tcpip/uip_arp.c: In function 'uip_arp_out':
cust/tcpip/uip_arp.c:369: warning: cast increases required alignment of target type
cust/tcpip/uip_arp.c:369: warning: cast discards qualifiers from pointer target type
cust/tcpip/uip_arp.c:369: warning: cast increases required alignment of target type
cust/tcpip/uip_arp.c:369: warning: cast discards qualifiers from pointer target type
cust/tcpip/uip_arp.c:370: warning: cast increases required alignment of target type
cust/tcpip/uip_arp.c:373: warning: cast increases required alignment of target type
cust/tcpip/uip_arp.c:373: warning: cast discards qualifiers from pointer target type
cust/tcpip/uip_arp.c:373: warning: cast discards qualifiers from pointer target type
cust/tcpip/uip_arp.c:373: warning: cast discards qualifiers from pointer target type
cust/tcpip/uip_arp.c:373: warning: cast increases required alignment of target type
cust/tcpip/uip_arp.c:373: warning: cast discards qualifiers from pointer target type
cust/tcpip/uip_arp.c:373: warning: cast discards qualifiers from pointer target type
cust/tcpip/uip_arp.c:373: warning: cast discards qualifiers from pointer target type
cust/tcpip/uip_arp.c:377: warning: cast discards qualifiers from pointer target type
cust/tcpip/uip_arp.c:377: warning: cast discards qualifiers from pointer target type
cust/tcpip/uip_arp.c:380: warning: cast increases required alignment of target type
cust/tcpip/uip_arp.c:380: warning: cast increases required alignment of target type
cust/tcpip/uip_arp.c:394: warning: cast increases required alignment of target type
cust/tcpip/uip_arp.c:395: warning: cast increases required alignment of target type
cust/tcpip/uip_arp.c:396: warning: cast increases required alignment of target type
cust/tcpip/uip_arp.c:397: warning: cast increases required alignment of target type
cust/tcpip/uip_arp.c:399: warning: cast increases required alignment of target type
cust/tcpip/uip_arp.c:399: warning: cast increases required alignment of target type
cust/tcpip/uip_arp.c:400: warning: cast increases required alignment of target type
cust/tcpip/uip_arp.c:400: warning: cast discards qualifiers from pointer target type
cust/tcpip/uip_arp.c:400: warning: cast increases required alignment of target type
cust/tcpip/uip_arp.c:400: warning: cast discards qualifiers from pointer target type
cust/tcpip/uip_arp.c:401: warning: cast increases required alignment of target type
cust/tcpip/uip_arp.c:402: warning: cast increases required alignment of target type
cust/tcpip/uip_arp.c:403: warning: cast increases required alignment of target type
cust/tcpip/uip_arp.c:404: warning: cast increases required alignment of target type
cust/tcpip/uip_arp.c:405: warning: cast increases required alignment of target type
cust/tcpip/uip_arp.c:406: warning: cast increases required alignment of target type
cust/tcpip/uip_arp.c:415: warning: cast increases required alignment of target type
cust/tcpip/uip_arp.c:417: warning: cast increases required alignment of target type
cust/tcpip/uip_arp.c:419: warning: cast increases required alignment of target type
cust/tcpip/uip_arp.c:421: warning: conversion to 'u16_t' from 'unsigned int' may alter its value
cust/tcpip/uip_arp.c: In function 'uip_get_DestMAC':
cust/tcpip/uip_arp.c:431: warning: cast discards qualifiers from pointer target type
cust/tcpip/uip_arp.c:431: warning: cast discards qualifiers from pointer target type
cust/tcpip/uip_arp.c:432: warning: return discards qualifiers from pointer target type
cust/tcpip/uip_arp.c:435: warning: cast discards qualifiers from pointer target type
cust/tcpip/uip_arp.c:435: warning: cast discards qualifiers from pointer target type
cust/tcpip/uip_arp.c:435: warning: cast discards qualifiers from pointer target type
cust/tcpip/uip_arp.c:435: warning: cast discards qualifiers from pointer target type
cust/tcpip/uip_arp.c:435: warning: cast discards qualifiers from pointer target type
cust/tcpip/uip_arp.c:435: warning: cast discards qualifiers from pointer target type
Compiling cust/tcpip/uip_timer.c ...
Compiling cust/tcpip/uiplib.c ...
cust/tcpip/uiplib.c: In function 'uiplib_ipaddrconv':
cust/tcpip/uiplib.c:64: warning: conversion to 'unsigned char' from 'int' may alter its value
Compiling cust/tcpip/webclient-strings.c ...
Compiling cust/tcpip/webclient.c ...
cust/tcpip/webclient.c: In function 'init_connection':
cust/tcpip/webclient.c:127: warning: conversion to 'u16_t' from 'long unsigned int' may alter its value
cust/tcpip/webclient.c: In function 'webclient_get':
cust/tcpip/webclient.c:163: warning: implicit declaration of function 'GetMsTimer'
cust/tcpip/webclient.c:163: warning: conversion to 'u16_t' from 'int' may alter its value
cust/tcpip/webclient.c: In function 'copy_string':
cust/tcpip/webclient.c:179: warning: pointer targets in passing argument 1 of 'strncpy' differ in signedness
src/include/string.h:20: note: expected 'char *' but argument is of type 'unsigned char *'
cust/tcpip/webclient.c: In function 'senddata':
cust/tcpip/webclient.c:192: warning: pointer targets in passing argument 1 of 'copy_string' differ in signedness
cust/tcpip/webclient.c:176: note: expected 'unsigned char *' but argument is of type 'char *'
cust/tcpip/webclient.c:192: warning: pointer targets in passing argument 2 of 'copy_string' differ in signedness
cust/tcpip/webclient.c:176: note: expected 'const unsigned char *' but argument is of type 'const char *'
cust/tcpip/webclient.c:192: warning: pointer targets in assignment differ in signedness
cust/tcpip/webclient.c:193: warning: pointer targets in passing argument 1 of 'copy_string' differ in signedness
cust/tcpip/webclient.c:176: note: expected 'unsigned char *' but argument is of type 'char *'
cust/tcpip/webclient.c:193: warning: pointer targets in passing argument 2 of 'copy_string' differ in signedness
cust/tcpip/webclient.c:176: note: expected 'const unsigned char *' but argument is of type 'char *'
cust/tcpip/webclient.c:193: warning: conversion to 'unsigned char' from 'size_t' may alter its value
cust/tcpip/webclient.c:193: warning: pointer targets in assignment differ in signedness
cust/tcpip/webclient.c:195: warning: pointer targets in passing argument 1 of 'copy_string' differ in signedness
cust/tcpip/webclient.c:176: note: expected 'unsigned char *' but argument is of type 'char *'
cust/tcpip/webclient.c:195: warning: pointer targets in passing argument 2 of 'copy_string' differ in signedness
cust/tcpip/webclient.c:176: note: expected 'const unsigned char *' but argument is of type 'const char *'
cust/tcpip/webclient.c:195: warning: pointer targets in assignment differ in signedness
cust/tcpip/webclient.c:197: warning: pointer targets in passing argument 1 of 'copy_string' differ in signedness
cust/tcpip/webclient.c:176: note: expected 'unsigned char *' but argument is of type 'char *'
cust/tcpip/webclient.c:197: warning: pointer targets in passing argument 2 of 'copy_string' differ in signedness
cust/tcpip/webclient.c:176: note: expected 'const unsigned char *' but argument is of type 'const char *'
cust/tcpip/webclient.c:197: warning: pointer targets in assignment differ in signedness
cust/tcpip/webclient.c:199: warning: pointer targets in passing argument 1 of 'copy_string' differ in signedness
cust/tcpip/webclient.c:176: note: expected 'unsigned char *' but argument is of type 'char *'
cust/tcpip/webclient.c:199: warning: pointer targets in passing argument 2 of 'copy_string' differ in signedness
cust/tcpip/webclient.c:176: note: expected 'const unsigned char *' but argument is of type 'const char *'
cust/tcpip/webclient.c:199: warning: pointer targets in assignment differ in signedness
cust/tcpip/webclient.c:200: warning: pointer targets in passing argument 1 of 'copy_string' differ in signedness
cust/tcpip/webclient.c:176: note: expected 'unsigned char *' but argument is of type 'char *'
cust/tcpip/webclient.c:200: warning: pointer targets in passing argument 2 of 'copy_string' differ in signedness
cust/tcpip/webclient.c:176: note: expected 'const unsigned char *' but argument is of type 'char *'
cust/tcpip/webclient.c:200: warning: conversion to 'unsigned char' from 'size_t' may alter its value
cust/tcpip/webclient.c:200: warning: pointer targets in assignment differ in signedness
cust/tcpip/webclient.c:201: warning: pointer targets in passing argument 1 of 'copy_string' differ in signedness
cust/tcpip/webclient.c:176: note: expected 'unsigned char *' but argument is of type 'char *'
cust/tcpip/webclient.c:201: warning: pointer targets in passing argument 2 of 'copy_string' differ in signedness
cust/tcpip/webclient.c:176: note: expected 'const unsigned char *' but argument is of type 'const char *'
cust/tcpip/webclient.c:201: warning: pointer targets in assignment differ in signedness
cust/tcpip/webclient.c:204: warning: pointer targets in passing argument 1 of 'copy_string' differ in signedness
cust/tcpip/webclient.c:176: note: expected 'unsigned char *' but argument is of type 'char *'
cust/tcpip/webclient.c:204: warning: pointer targets in passing argument 2 of 'copy_string' differ in signedness
cust/tcpip/webclient.c:176: note: expected 'const unsigned char *' but argument is of type 'const char *'
cust/tcpip/webclient.c:204: warning: conversion to 'unsigned char' from 'size_t' may alter its value
cust/tcpip/webclient.c:204: warning: pointer targets in assignment differ in signedness
cust/tcpip/webclient.c: In function 'acked':
cust/tcpip/webclient.c:222: warning: conversion to 'u16_t' from 'int' may alter its value
cust/tcpip/webclient.c:223: warning: conversion to 'u16_t' from 'int' may alter its value
cust/tcpip/webclient.c: In function 'parse_headers':
cust/tcpip/webclient.c:322: warning: implicit declaration of function 'strchr'
cust/tcpip/webclient.c:322: warning: assignment makes pointer from integer without a cast
cust/tcpip/webclient.c: In function 'webclient_datahandler':
cust/tcpip/webclient.c:368: warning: unused parameter 'data'
cust/tcpip/webclient.c:368: warning: unused parameter 'len'
Compiling cust/wifi_task_pub.c ...
In file included from src/include/api/iot_api.h:14,
                 from cust/wifi_task_pub.c:12:
src/include/driver/bmd.h:205:7: warning: backslash and newline separated by space
src/include/driver/bmd.h:210:7: warning: backslash and newline separated by space
cust/wifi_task_pub.c: In function 'wifi_rx_proc':
cust/wifi_task_pub.c:91: warning: implicit declaration of function 'GetQueueInfo'
cust/wifi_task_pub.c:91: warning: assignment makes pointer from integer without a cast
cust/wifi_task_pub.c:105: warning: implicit declaration of function 'STARxDoneInterruptHandle'
cust/wifi_task_pub.c: In function 'wifiTASK_LowPrioTask':
cust/wifi_task_pub.c:132: warning: implicit declaration of function 'sysTASK_DeassertSignal'
cust/wifi_task_pub.c:145: warning: implicit declaration of function 'handle_FCE_interrupt'
cust/wifi_task_pub.c:148: warning: implicit declaration of function 'CaliPeriodExec'
cust/wifi_task_pub.c:203: warning: implicit declaration of function 'wifi_state_machine'
cust/wifi_task_pub.c:212: warning: implicit declaration of function 'GetMsTimer'
cust/wifi_task_pub.c:212: warning: conversion to 'UINT32' from 'int' may change the sign of the result
cust/wifi_task_pub.c:229: warning: implicit declaration of function 'GetFceIntStat'
cust/wifi_task_pub.c:230: warning: implicit declaration of function 'sysTASK_AssertSignal'
cust/wifi_task_pub.c: At top level:
cust/wifi_task_pub.c:283: warning: conflicting types for 'wifi_state_machine'
cust/wifi_task_pub.c:203: note: previous implicit declaration of 'wifi_state_machine' was here
Linking out/ap/MT7681_ap.elf ...
Making out/ap/MT7681_ap_old.bin ...
Making out/ap/MT7681_ap_ram.bin ...
Making out/ap/MT7681_ap_xip.bin ...
Making out/ap/MT7681_ap_overlay.bin ...
